\BOOKMARK [1][-]{section.1}{\376\377\000N\000U\000D\000E\000L\000G\000E\000R\000I\000C\000H\000T\000E}{}% 1
\BOOKMARK [2][-]{subsection.1.1}{\376\377\000E\000I\000E\000R\000N\000U\000D\000E\000L\000N}{section.1}% 2
\BOOKMARK [2][-]{subsection.1.2}{\376\377\000T\000H\000U\000N\000F\000I\000S\000C\000H\000N\000U\000D\000E\000L\000N}{section.1}% 3
\BOOKMARK [2][-]{subsection.1.3}{\376\377\000N\000U\000D\000E\000L\000N\000\040\000M\000I\000T\000\040\000S\000H\000R\000I\000M\000P\000S}{section.1}% 4
\BOOKMARK [2][-]{subsection.1.4}{\376\377\000N\000U\000D\000E\000L\000N\000\040\000M\000I\000T\000\040\000T\000O\000M\000A\000T\000E\000N\000-\000S\000C\000H\000I\000N\000K\000E\000N\000-\000O\000L\000I\000V\000E\000N\000-\000S\000O\000\337\000E}{section.1}% 5
\BOOKMARK [2][-]{subsection.1.5}{\376\377\000S\000P\000I\000N\000A\000T\000N\000U\000D\000E\000L\000N}{section.1}% 6
\BOOKMARK [2][-]{subsection.1.6}{\376\377\000J\000\304\000G\000E\000R\000S\000P\000\304\000T\000Z\000L\000E}{section.1}% 7
\BOOKMARK [2][-]{subsection.1.7}{\376\377\000S\000P\000A\000G\000H\000E\000T\000T\000I\000\040\000B\000O\000L\000O\000G\000N\000E\000S\000E}{section.1}% 8
\BOOKMARK [2][-]{subsection.1.8}{\376\377\000S\000P\000A\000G\000H\000E\000T\000T\000I\000\040\000A\000L\000L\000'\000\040\000A\000R\000R\000A\000B\000B\000I\000A\000T\000A}{section.1}% 9
\BOOKMARK [2][-]{subsection.1.9}{\376\377\000S\000P\000A\000G\000H\000E\000T\000T\000I\000\040\000A\000G\000L\000I\000O\000\040\000E\000\040\000O\000L\000I\000O}{section.1}% 10
\BOOKMARK [2][-]{subsection.1.10}{\376\377\000N\000U\000D\000E\000L\000N\000\040\000M\000I\000T\000\040\000T\000O\000F\000U\000-\000T\000O\000M\000A\000T\000E\000N\000S\000O\000\337\000E}{section.1}% 11
\BOOKMARK [2][-]{subsection.1.11}{\376\377\000N\000U\000D\000E\000L\000N\000\040\000M\000I\000T\000\040\000M\000A\000M\000A\000\040\000R\000E\000G\000I\000N\000A\000`\000S\000\040\000W\000\334\000R\000S\000T\000C\000H\000E\000N\000S\000O\000\337\000E}{section.1}% 12
\BOOKMARK [2][-]{subsection.1.12}{\376\377\000N\000U\000D\000E\000L\000N\000\040\000A\000\040\000L\000A\000\040\000G\000E\000N\000O\000V\000E\000S\000E}{section.1}% 13
\BOOKMARK [2][-]{subsection.1.13}{\376\377\000N\000U\000D\000E\000L\000N\000\040\000M\000I\000T\000\040\000O\000S\000S\000I\000-\000W\000\334\000R\000S\000T\000C\000H\000E\000N\000S\000O\000\337\000E}{section.1}% 14
\BOOKMARK [2][-]{subsection.1.14}{\376\377\000F\000E\000T\000A\000-\000T\000O\000M\000A\000T\000E\000N\000\040\000O\000F\000E\000N\000N\000U\000D\000E\000L\000N}{section.1}% 15
\BOOKMARK [2][-]{subsection.1.15}{\376\377\000N\000U\000D\000E\000L\000N\000\040\000M\000I\000T\000\040\000P\000A\000N\000C\000E\000T\000T\000A\000-\000T\000O\000M\000A\000T\000E\000N\000S\000O\000\337\000E}{section.1}% 16
\BOOKMARK [1][-]{section.2}{\376\377\000R\000E\000I\000S\000G\000E\000R\000I\000C\000H\000T\000E}{}% 17
\BOOKMARK [2][-]{subsection.2.1}{\376\377\000B\000R\000O\000K\000O\000L\000I\000-\000S\000E\000N\000F\000-\000H\000\334\000H\000N\000C\000H\000E\000N}{section.2}% 18
\BOOKMARK [2][-]{subsection.2.2}{\376\377\000D\000A\000N\000I\000E\000L\000A\000`\000S\000\040\000C\000H\000E\000E\000S\000E\000B\000U\000R\000G\000E\000R\000P\000F\000A\000N\000N\000E}{section.2}% 19
\BOOKMARK [2][-]{subsection.2.3}{\376\377\000G\000E\000M\000\334\000S\000E\000C\000U\000R\000R\000Y}{section.2}% 20
\BOOKMARK [2][-]{subsection.2.4}{\376\377\000P\000I\000K\000A\000N\000T\000E\000\040\000K\000L\000O\000P\000S\000-\000P\000I\000L\000Z\000-\000P\000F\000A\000N\000N\000E}{section.2}% 21
\BOOKMARK [2][-]{subsection.2.5}{\376\377\000Z\000U\000C\000C\000H\000I\000N\000I\000-\000W\000A\000L\000N\000U\000S\000S\000-\000R\000I\000S\000O\000T\000T\000O}{section.2}% 22
\BOOKMARK [2][-]{subsection.2.6}{\376\377\000N\000A\000S\000I\000\040\000G\000O\000R\000E\000N\000G}{section.2}% 23
\BOOKMARK [2][-]{subsection.2.7}{\376\377\000S\000U\000S\000H\000I}{section.2}% 24
\BOOKMARK [2][-]{subsection.2.8}{\376\377\000b\000u\000t\000t\000e\000r\000c\000h\000i\000c\000k\000e\000n}{section.2}% 25
\BOOKMARK [2][-]{subsection.2.9}{\376\377\000O\000M\000A\000\040\000H\000E\000I\000D\000I\000`\000S\000\040\000H\000A\000C\000K\000F\000L\000E\000I\000S\000C\000H\000\040\000R\000E\000I\000S\000P\000F\000A\000N\000N\000E\000/\000\040\000C\000O\000M\000F\000Y\000\040\000F\000O\000O\000D}{section.2}% 26
\BOOKMARK [2][-]{subsection.2.10}{\376\377\000K\000I\000M\000C\000H\000I\000\040\000R\000E\000I\000S\000P\000F\000A\000N\000N\000E}{section.2}% 27
\BOOKMARK [2][-]{subsection.2.11}{\376\377\000G\000O\000L\000D\000E\000N\000\040\000C\000U\000R\000R\000Y\000\040\000M\000I\000T\000\040\000G\000E\000M\000\334\000S\000E\000\040\000U\000N\000D\000\040\000H\000\334\000H\000N\000C\000H\000E\000N}{section.2}% 28
\BOOKMARK [2][-]{subsection.2.12}{\376\377\000F\000R\000I\000K\000A\000S\000S\000E}{section.2}% 29
\BOOKMARK [2][-]{subsection.2.13}{\376\377\000k\000\366\000n\000i\000g\000s\000b\000e\000r\000g\000e\000r\000\040\000k\000l\000o\000p\000s\000e}{section.2}% 30
\BOOKMARK [1][-]{section.3}{\376\377\000K\000A\000R\000T\000O\000F\000F\000E\000L\000G\000E\000R\000I\000C\000H\000T\000E}{}% 31
\BOOKMARK [2][-]{subsection.3.1}{\376\377\000S\000A\000U\000E\000R\000K\000R\000A\000U\000T\000\040\000M\000I\000T\000\040\000K\000A\000R\000T\000O\000F\000F\000E\000L\000N\000\040\000U\000N\000D\000\040\000V\000E\000G\000G\000I\000\040\000B\000R\000A\000T\000W\000U\000R\000S\000T}{section.3}% 32
\BOOKMARK [2][-]{subsection.3.2}{\376\377\000S\000C\000H\000N\000I\000T\000Z\000E\000L\000\040\000M\000I\000T\000\040\000G\000E\000M\000\334\000S\000E\000\040\000U\000N\000D\000\040\000K\000\334\000M\000M\000E\000L\000K\000A\000R\000T\000O\000F\000F\000E\000L\000N}{section.3}% 33
\BOOKMARK [2][-]{subsection.3.3}{\376\377\000K\000\304\000S\000E\000K\000A\000R\000T\000O\000F\000F\000E\000L\000N\000\040\000M\000I\000T\000\040\000F\000A\000L\000A\000F\000E\000L\000N}{section.3}% 34
\BOOKMARK [2][-]{subsection.3.4}{\376\377\000B\000A\000U\000E\000R\000N\000F\000R\000\334\000H\000S\000T\000\334\000C\000K}{section.3}% 35
\BOOKMARK [2][-]{subsection.3.5}{\376\377\000F\000I\000S\000C\000H\000S\000T\000\304\000B\000C\000H\000E\000N\000\040\000M\000I\000T\000\040\000E\000R\000B\000S\000E\000N\000K\000A\000R\000T\000O\000F\000F\000E\000L\000B\000R\000E\000I}{section.3}% 36
\BOOKMARK [2][-]{subsection.3.6}{\376\377\000G\000R\000\334\000N\000K\000O\000H\000L\000\040\000M\000I\000T\000\040\000K\000A\000R\000T\000O\000F\000F\000E\000L\000N\000\040\000O\000D\000E\000R\000\040\000S\000E\000M\000M\000E\000L\000K\000N\000\326\000D\000E\000L\000N}{section.3}% 37
\BOOKMARK [2][-]{subsection.3.7}{\376\377\000K\000A\000R\000T\000O\000F\000F\000E\000L\000G\000E\000M\000\334\000S\000E\000A\000U\000F\000L\000A\000U\000F\000\040\000M\000I\000T\000\040\000H\000O\000L\000O\000N\000D\000A\000I\000S\000E}{section.3}% 38
\BOOKMARK [2][-]{subsection.3.8}{\376\377\000P\000O\000U\000T\000I\000N\000E\000\040\000M\000I\000T\000\040\000F\000A\000L\000A\000F\000E\000L\000N}{section.3}% 39
\BOOKMARK [2][-]{subsection.3.9}{\376\377\000R\000O\000U\000L\000A\000D\000E\000N\000\040\000M\000I\000T\000\040\000K\000A\000R\000T\000O\000F\000F\000E\000L\000K\000L\000\326\000S\000S\000E\000N}{section.3}% 40
\BOOKMARK [2][-]{subsection.3.10}{\376\377\000G\000E\000M\000\334\000S\000E\000P\000F\000A\000N\000N\000E\000\040\000M\000I\000T\000\040\000G\000N\000O\000C\000C\000H\000I}{section.3}% 41
\BOOKMARK [2][-]{subsection.3.11}{\376\377\000K\000A\000R\000T\000O\000F\000F\000E\000L\000P\000U\000F\000F\000E\000R\000\040\000M\000I\000T\000\040\000A\000P\000F\000E\000L\000M\000U\000S}{section.3}% 42
\BOOKMARK [1][-]{section.4}{\376\377\000E\000I\000E\000R\000G\000E\000R\000I\000C\000H\000T\000E}{}% 43
\BOOKMARK [2][-]{subsection.4.1}{\376\377\000S\000H\000A\000K\000S\000H\000U\000K\000A}{section.4}% 44
\BOOKMARK [2][-]{subsection.4.2}{\376\377\000O\000M\000L\000E\000T\000T\000E}{section.4}% 45
\BOOKMARK [2][-]{subsection.4.3}{\376\377\000E\000I\000E\000R\000\040\000I\000N\000\040\000S\000E\000N\000F\000S\000O\000\337\000E}{section.4}% 46
\BOOKMARK [2][-]{subsection.4.4}{\376\377\000S\000A\000B\000I\000C\000H}{section.4}% 47
\BOOKMARK [1][-]{section.5}{\376\377\000O\000F\000E\000N\000G\000E\000R\000I\000C\000H\000T\000E}{}% 48
\BOOKMARK [2][-]{subsection.5.1}{\376\377\000A\000U\000B\000E\000R\000G\000I\000N\000E\000N\000A\000U\000F\000L\000A\000U\000F}{section.5}% 49
\BOOKMARK [2][-]{subsection.5.2}{\376\377\000S\000P\000I\000N\000A\000T\000L\000A\000S\000A\000G\000N\000E}{section.5}% 50
\BOOKMARK [2][-]{subsection.5.3}{\376\377\000O\000S\000S\000I\000\040\000P\000I\000Z\000Z\000A\000\040\000A\000\040\000L\000A\000\040\000F\000A\000M\000I\000L\000I\000E\000\040\000S\000O\000W\000A\000S\000S\000E\000R}{section.5}% 51
\BOOKMARK [2][-]{subsection.5.4}{\376\377\000T\000O\000R\000T\000E\000L\000L\000I\000N\000I\000A\000U\000F\000L\000A\000U\000F}{section.5}% 52
\BOOKMARK [2][-]{subsection.5.5}{\376\377\000U\000T\000E\000`\000S\000\040\000Z\000U\000C\000C\000H\000I\000N\000I\000-\000S\000C\000H\000A\000F\000S\000K\000\304\000S\000E\000-\000P\000I\000Z\000Z\000A}{section.5}% 53
\BOOKMARK [2][-]{subsection.5.6}{\376\377\000\334\000B\000E\000R\000B\000A\000C\000K\000E\000N\000E\000S\000\040\000B\000R\000O\000T\000/\000B\000R\000\326\000T\000C\000H\000E\000N}{section.5}% 54
\BOOKMARK [2][-]{subsection.5.7}{\376\377\000E\000N\000C\000H\000I\000L\000A\000D\000A\000\040\000V\000E\000R\000D\000U\000R\000A}{section.5}% 55
\BOOKMARK [2][-]{subsection.5.8}{\376\377\000F\000L\000A\000M\000M\000K\000U\000C\000H\000E\000N}{section.5}% 56
\BOOKMARK [1][-]{section.6}{\376\377\000T\000E\000I\000G\000-\000\040\000U\000N\000D\000\040\000B\000R\000O\000T\000G\000E\000R\000I\000C\000H\000T\000E}{}% 57
\BOOKMARK [2][-]{subsection.6.1}{\376\377\000W\000R\000A\000P\000S}{section.6}% 58
\BOOKMARK [2][-]{subsection.6.2}{\376\377\000H\000O\000T\000\040\000D\000O\000G\000S\000\040\000D\000\304\000N\000I\000S\000C\000H\000E\000R\000\040\000A\000R\000T}{section.6}% 59
\BOOKMARK [2][-]{subsection.6.3}{\376\377\000B\000U\000R\000G\000E\000R\000\040\000M\000I\000T\000\040\000B\000O\000H\000N\000E\000N\000P\000A\000T\000T\000Y}{section.6}% 60
\BOOKMARK [2][-]{subsection.6.4}{\376\377\000S\000O\000M\000M\000E\000R\000R\000O\000L\000L\000E\000N}{section.6}% 61
\BOOKMARK [2][-]{subsection.6.5}{\376\377\000H\000A\000L\000O\000U\000M\000I\000\040\000B\000U\000R\000G\000E\000R}{section.6}% 62
\BOOKMARK [1][-]{section.7}{\376\377\000S\000U\000P\000P\000E\000N\000\040\000U\000N\000D\000\040\000E\000I\000N\000T\000\326\000P\000F\000E}{}% 63
\BOOKMARK [2][-]{subsection.7.1}{\376\377\000B\000R\000E\000C\000H\000B\000O\000H\000N\000E\000N\000E\000I\000N\000T\000O\000P\000F}{section.7}% 64
\BOOKMARK [2][-]{subsection.7.2}{\376\377\000K\000\334\000R\000B\000I\000S\000-\000K\000A\000R\000T\000O\000F\000F\000E\000L\000-\000R\000A\000G\000O\000U\000T}{section.7}% 65
\BOOKMARK [2][-]{subsection.7.3}{\376\377\000C\000H\000I\000L\000I\000\040\000C\000O\000N\000\040\000C\000A\000R\000N\000E}{section.7}% 66
\BOOKMARK [2][-]{subsection.7.4}{\376\377\000K\000\334\000R\000B\000I\000S\000S\000U\000P\000P\000E}{section.7}% 67
\BOOKMARK [2][-]{subsection.7.5}{\376\377\000B\000I\000G\000O\000S\000\040\000A\000\040\000L\000A\000\040\000F\000A\000M\000I\000L\000I\000E\000\040\000M\000A\000S\000A\000R\000C\000Z\000Y\000K}{section.7}% 68
\BOOKMARK [2][-]{subsection.7.6}{\376\377\000O\000R\000I\000E\000N\000T\000A\000L\000I\000S\000C\000H\000E\000\040\000L\000I\000N\000S\000E\000N\000S\000U\000P\000P\000E}{section.7}% 69
\BOOKMARK [2][-]{subsection.7.7}{\376\377\000B\000O\000H\000N\000E\000N\000E\000I\000N\000T\000O\000P\000F\000\040\000A\000\040\000L\000A\000\040\000B\000U\000D\000\040\000S\000P\000E\000N\000C\000E\000R\000\040\000U\000N\000D\000\040\000T\000E\000R\000E\000N\000C\000E\000\040\000H\000I\000L\000L}{section.7}% 70
\BOOKMARK [2][-]{subsection.7.8}{\376\377\000K\000I\000C\000H\000E\000R\000E\000R\000B\000S\000E\000N\000E\000I\000N\000T\000O\000P\000F}{section.7}% 71
\BOOKMARK [2][-]{subsection.7.9}{\376\377\000G\000U\000L\000A\000S\000C\000H\000\040\000S\000Z\000E\000G\000E\000D\000I\000N\000E\000R\000\040\000A\000R\000T}{section.7}% 72
\BOOKMARK [2][-]{subsection.7.10}{\376\377\000S\000O\000L\000J\000A\000N\000K\000A}{section.7}% 73
\BOOKMARK [2][-]{subsection.7.11}{\376\377\000H\000\334\000H\000N\000E\000R\000S\000U\000P\000P\000E}{section.7}% 74
\BOOKMARK [2][-]{subsection.7.12}{\376\377\000K\000\304\000S\000E\000L\000A\000U\000C\000H\000S\000U\000P\000P\000E\000\040\000M\000I\000T\000\040\000K\000N\000O\000B\000L\000A\000U\000C\000H\000B\000R\000O\000T}{section.7}% 75
\BOOKMARK [1][-]{section.8}{\376\377\000S\000A\000L\000A\000T\000E}{}% 76
\BOOKMARK [2][-]{subsection.8.1}{\376\377\000R\000U\000C\000O\000L\000A\000S\000A\000L\000A\000T}{section.8}% 77
\BOOKMARK [2][-]{subsection.8.2}{\376\377\000T\000O\000M\000A\000T\000E\000N\000S\000A\000L\000A\000T}{section.8}% 78
\BOOKMARK [2][-]{subsection.8.3}{\376\377\000M\000E\000D\000I\000T\000E\000R\000A\000N\000E\000R\000\040\000N\000U\000D\000E\000L\000S\000A\000L\000A\000T}{section.8}% 79
\BOOKMARK [2][-]{subsection.8.4}{\376\377\000B\000R\000O\000T\000S\000A\000L\000A\000T}{section.8}% 80
\BOOKMARK [2][-]{subsection.8.5}{\376\377\000M\000\326\000H\000R\000E\000N\000S\000A\000L\000A\000T}{section.8}% 81
\BOOKMARK [2][-]{subsection.8.6}{\376\377\000G\000U\000R\000K\000E\000N\000S\000A\000L\000A\000T}{section.8}% 82
\BOOKMARK [2][-]{subsection.8.7}{\376\377\000G\000L\000A\000S\000N\000U\000D\000E\000L\000S\000A\000L\000A\000T\000\040\000M\000I\000T\000\040\000E\000R\000D\000N\000U\000S\000S\000S\000O\000\337\000E}{section.8}% 83
\BOOKMARK [2][-]{subsection.8.8}{\376\377\000B\000U\000L\000G\000U\000R\000S\000A\000L\000A\000T\000\040\000M\000I\000T\000\040\000H\000\304\000H\000N\000C\000H\000E\000N\000/\000H\000A\000L\000O\000U\000M\000I}{section.8}% 84
\BOOKMARK [1][-]{section.9}{\376\377\000H\000E\000R\000Z\000H\000A\000F\000T\000E\000\040\000B\000A\000C\000K\000W\000A\000R\000E\000N\000\040\000U\000N\000D\000\040\000K\000A\000L\000T\000E\000\040\000S\000N\000A\000C\000K\000E\000R}{}% 85
\BOOKMARK [2][-]{subsection.9.1}{\376\377\000K\000\326\000R\000N\000E\000R\000B\000R\000O\000T}{section.9}% 86
\BOOKMARK [2][-]{subsection.9.2}{\376\377\000G\000E\000M\000\334\000S\000E\000\040\000A\000N\000T\000I\000P\000A\000S\000T\000I}{section.9}% 87
\BOOKMARK [2][-]{subsection.9.3}{\376\377\000S\000P\000I\000N\000A\000T\000\040\000B\000L\000\304\000T\000T\000E\000R\000T\000E\000I\000G\000\040\000T\000A\000S\000C\000H\000E\000N}{section.9}% 88
\BOOKMARK [2][-]{subsection.9.4}{\376\377\000S\000P\000I\000N\000A\000T\000\040\000B\000L\000\304\000T\000T\000E\000R\000T\000E\000I\000G\000\040\000T\000A\000S\000C\000H\000E\000N}{section.9}% 89
\BOOKMARK [1][-]{section.10}{\376\377\000S\000\334\000\337\000S\000P\000E\000I\000S\000E\000N\000\040\000U\000N\000D\000\040\000K\000U\000C\000H\000E\000N}{}% 90
\BOOKMARK [2][-]{subsection.10.1}{\376\377\000O\000B\000S\000T\000K\000U\000C\000H\000E\000N}{section.10}% 91
\BOOKMARK [2][-]{subsection.10.2}{\376\377\000B\000A\000N\000A\000N\000E\000N\000B\000R\000O\000T}{section.10}% 92
\BOOKMARK [2][-]{subsection.10.3}{\376\377\000P\000F\000A\000N\000N\000K\000U\000C\000H\000E\000N}{section.10}% 93
\BOOKMARK [2][-]{subsection.10.4}{\376\377\000W\000A\000F\000F\000E\000L\000N}{section.10}% 94
\BOOKMARK [2][-]{subsection.10.5}{\376\377\000M\000\326\000H\000R\000E\000N\000K\000U\000C\000H\000E\000N}{section.10}% 95
\BOOKMARK [2][-]{subsection.10.6}{\376\377\000B\000R\000O\000W\000N\000I\000E\000S}{section.10}% 96
\BOOKMARK [2][-]{subsection.10.7}{\376\377\000Z\000U\000P\000F\000K\000U\000C\000H\000E\000N}{section.10}% 97
\BOOKMARK [2][-]{subsection.10.8}{\376\377\000K\000\304\000S\000E\000K\000U\000C\000H\000E\000N}{section.10}% 98
\BOOKMARK [2][-]{subsection.10.9}{\376\377\000F\000R\000\334\000C\000H\000T\000E\000B\000R\000O\000T}{section.10}% 99
\BOOKMARK [2][-]{subsection.10.10}{\376\377\000z\000w\000e\000t\000s\000c\000h\000g\000e\000n\000k\000u\000c\000h\000e\000n}{section.10}% 100
\BOOKMARK [2][-]{subsection.10.11}{\376\377\000b\000i\000e\000n\000e\000n\000s\000t\000i\000c\000h}{section.10}% 101
\BOOKMARK [2][-]{subsection.10.12}{\376\377\000B\000A\000N\000A\000N\000E\000N\000-\000W\000A\000L\000L\000N\000U\000S\000S\000-\000M\000U\000F\000F\000I\000N\000S}{section.10}% 102
